{
  "RSpec": {
    "coverage": {
      "C:/Users/sarah/Desktop/sasa/opa/app/helpers/application_helper.rb": [
        1,
        1,
        15,
        null,
        15,
        0,
        null,
        15,
        null,
        null,
        null,
        null,
        null,
        null
      ],
      "C:/Users/sarah/Desktop/sasa/opa/app/helpers/blogs_helper.rb": [
        1,
        null
      ],
      "C:/Users/sarah/Desktop/sasa/opa/app/helpers/sessions_helper.rb": [
        1,
        null
      ],
      "C:/Users/sarah/Desktop/sasa/opa/app/helpers/users_helper.rb": [
        1,
        null,
        null,
        1,
        4,
        4,
        4,
        null,
        null
      ],
      "C:/Users/sarah/Desktop/sasa/opa/app/controllers/blogs_controller.rb": [
        1,
        1,
        null,
        null,
        1,
        null,
        null,
        1,
        null,
        null,
        1,
        null,
        0,
        null,
        null,
        null
      ],
      "C:/Users/sarah/Desktop/sasa/opa/app/controllers/application_controller.rb": [
        1,
        null,
        null,
        1,
        null
      ],
      "C:/Users/sarah/Desktop/sasa/opa/app/controllers/users_controller.rb": [
        1,
        null,
        1,
        4,
        null,
        null,
        1,
        5,
        null,
        null,
        1,
        null,
        3,
        3,
        2,
        2,
        null,
        1,
        null,
        null,
        null,
        null,
        null,
        1,
        1,
        3,
        null,
        null,
        null,
        null
      ],
      "C:/Users/sarah/Desktop/sasa/opa/app/models/user.rb": [
        1,
        null,
        null,
        1,
        null,
        null,
        6,
        23,
        null,
        null,
        1,
        1,
        1,
        null,
        1,
        1,
        null,
        null,
        1,
        0,
        null,
        null,
        null,
        null,
        null,
        null
      ]
    },
    "timestamp": 1405586695
  }
}
